Arguments: 
  C:\Program Files\nodejs\node.exe C:\Users\Mike\AppData\Roaming\npm\node_modules\yarn\bin\yarn.js start

PATH: 
  C:\Users\Mike\bin;C:\Program Files\Git\mingw64\bin;C:\Program Files\Git\usr\local\bin;C:\Program Files\Git\usr\bin;C:\Program Files\Git\usr\bin;C:\Program Files\Git\mingw64\bin;C:\Program Files\Git\usr\bin;C:\Users\Mike\bin;C:\Program Files (x86)\Intel\Intel(R) Management Engine Components\iCLS;C:\Program Files\Intel\Intel(R) Management Engine Components\iCLS;C:\Program Files\Dell\DW WLAN Card;C:\Windows\system32;C:\Windows;C:\Windows\System32\Wbem;C:\Windows\System32\WindowsPowerShell\v1.0;C:\Program Files\WIDCOMM\Bluetooth Software;C:\Program Files\WIDCOMM\Bluetooth Software\syswow64;C:\Program Files (x86)\NVIDIA Corporation\PhysX\Common;C:\WINDOWS\system32;C:\WINDOWS;C:\WINDOWS\System32\Wbem;C:\WINDOWS\System32\WindowsPowerShell\v1.0;C:\Program Files\nodejs;C:\Program Files\Git\cmd;C:\Program Files (x86)\Intel\Intel(R) Management Engine Components\DAL;C:\Program Files\Intel\Intel(R) Management Engine Components\DAL;C:\Program Files (x86)\Intel\Intel(R) Management Engine Components\IPT;C:\Program Files\Intel\Intel(R) Management Engine Components\IPT;C:\WINDOWS\System32\OpenSSH;C:\Program Files\Microsoft VS Code\bin;C:\Program Files\MongoDB\Server\4.0\bin;C:\Users\Mike\AppData\Local\Microsoft\WindowsApps;C:\Program Files\Heroku\bin;C:\Users\Mike\AppData\Roaming\npm;C:\Program Files\Microsoft VS Code\bin;C:\Users\Mike\AppData\Local\GitHubDesktop\bin;C:\Program Files\Docker Toolbox;C:\Program Files\Docker Toolbox;C:\Program Files\Git\usr\bin\vendor_perl;C:\Program Files\Git\usr\bin\core_perl

Yarn version: 
  1.9.4

Node version: 
  9.8.0

Platform: 
  win32 x64

Trace: 
  SyntaxError: C:\users\mike\desktop\mliay81.github.io\deploynytreact\package.json: Unexpected token } in JSON at position 276
      at JSON.parse (<anonymous>)
      at C:\Users\Mike\AppData\Roaming\npm\node_modules\yarn\lib\cli.js:1130:59
      at Generator.next (<anonymous>)
      at step (C:\Users\Mike\AppData\Roaming\npm\node_modules\yarn\lib\cli.js:92:30)
      at C:\Users\Mike\AppData\Roaming\npm\node_modules\yarn\lib\cli.js:103:13
      at <anonymous>

npm manifest: 
  {
    "name": "deploynytreact",
    "version": "1.0.0",
    "description": "",
    "main": "index.js",
    "dependencies": {
      "body-parser": "^1.18.3",
      "express": "^4.16.3"
    },
    "devDependencies": {},
    "scripts": {
      "test": "echo \"Error: no test specified\" && exit 1",
    },
    "repository": {
      "type": "git",
      "url": "git+https://github.com/mliay81/deploynytreact.git"
    },
    "author": "",
    "license": "ISC",
    "bugs": {
      "url": "https://github.com/mliay81/deploynytreact/issues"
    },
    "homepage": "https://github.com/mliay81/deploynytreact#readme"
  }

yarn manifest: 
  No manifest

Lockfile: 
  No lockfile
